<?xml version="1.0" encoding="UTF-8"?>
<robot generator="Robot 7.2 (Python 3.13.1 on win32)" generated="2025-01-30T21:42:13.855297" rpa="false" schemaversion="5">
<suite id="s1" name="Suites" source="C:\SanberCode\Sanber63-Robot-Framework-Kelompok-4\Suites">
<suite id="s1-s1" name="Booking" source="C:\SanberCode\Sanber63-Robot-Framework-Kelompok-4\Suites\booking.robot">
<test id="s1-s1-t1" name="User should be able to booking flight" line="17">
<kw name="Run Keywords" owner="BuiltIn" type="SETUP">
<kw name="Open Flight Application" owner="base">
<kw name="Open Application" owner="AppiumLibrary">
<kw name="Capture Page Screenshot" owner="AppiumLibrary">
<msg time="2025-01-30T21:42:14.410895" level="FAIL">No application is open</msg>
<doc>Takes a screenshot of the current page and embeds it into the log.</doc>
<status status="FAIL" start="2025-01-30T21:42:14.410649" elapsed="0.004403">No application is open</status>
</kw>
<msg time="2025-01-30T21:42:14.416474" level="WARN">Keyword 'Capture Page Screenshot' could not be run on failure: No application is open</msg>
<msg time="2025-01-30T21:42:14.417855" level="FAIL">WebDriverException: Message: An unknown server-side error occurred while processing the command. Original error: Unable to find an active device or emulator with OS 14. The following are available: emulator-5554 (12)
Stacktrace:
UnknownError: An unknown server-side error occurred while processing the command. Original error: Unable to find an active device or emulator with OS 14. The following are available: emulator-5554 (12)
    at getResponseForW3CError (C:\Users\Reza Paramarta\AppData\Local\Programs\Appium Server GUI\resources\app\node_modules\appium\node_modules\appium-base-driver\lib\protocol\errors.js:804:9)
    at asyncHandler (C:\Users\Reza Paramarta\AppData\Local\Programs\Appium Server GUI\resources\app\node_modules\appium\node_modules\appium-base-driver\lib\protocol\protocol.js:380:37)</msg>
<arg>remote_url=${REMOTE_URL}</arg>
<arg>platformName=${PLATFORM_NAME}</arg>
<arg>platformVersion=${PLATFORM_VERSION}</arg>
<arg>deviceName=${DEVICE_NAME}</arg>
<arg>appPackage=${APP_PAVKAGE}</arg>
<arg>appActivity=${APP_ACTIVITY}</arg>
<doc>Opens a new application to given Appium server.
Capabilities of appium server, Android and iOS,
Please check https://appium.io/docs/en/2.1/cli/args/
| *Option*            | *Man.* | *Description*     |
| remote_url          | Yes    | Appium server url |
| alias               | no     | alias             |
| strict_ssl          | No     | allows you to send commands to an invalid certificate host like a self-signed one. |</doc>
<status status="FAIL" start="2025-01-30T21:42:14.080925" elapsed="0.338179">WebDriverException: Message: An unknown server-side error occurred while processing the command. Original error: Unable to find an active device or emulator with OS 14. The following are available: emulator-5554 (12)
Stacktrace:
UnknownError: An unknown server-side error occurred while processing the command. Original error: Unable to find an active device or emulator with OS 14. The following are available: emulator-5554 (12)
    at getResponseForW3CError (C:\Users\Reza Paramarta\AppData\Local\Programs\Appium Server GUI\resources\app\node_modules\appium\node_modules\appium-base-driver\lib\protocol\errors.js:804:9)
    at asyncHandler (C:\Users\Reza Paramarta\AppData\Local\Programs\Appium Server GUI\resources\app\node_modules\appium\node_modules\appium-base-driver\lib\protocol\protocol.js:380:37)</status>
</kw>
<status status="FAIL" start="2025-01-30T21:42:14.080745" elapsed="0.338656">WebDriverException: Message: An unknown server-side error occurred while processing the command. Original error: Unable to find an active device or emulator with OS 14. The following are available: emulator-5554 (12)
Stacktrace:
UnknownError: An unknown server-side error occurred while processing the command. Original error: Unable to find an active device or emulator with OS 14. The following are available: emulator-5554 (12)
    at getResponseForW3CError (C:\Users\Reza Paramarta\AppData\Local\Programs\Appium Server GUI\resources\app\node_modules\appium\node_modules\appium-base-driver\lib\protocol\errors.js:804:9)
    at asyncHandler (C:\Users\Reza Paramarta\AppData\Local\Programs\Appium Server GUI\resources\app\node_modules\appium\node_modules\appium-base-driver\lib\protocol\protocol.js:380:37)</status>
</kw>
<arg>Open Flight Application</arg>
<arg>AND</arg>
<arg>Login With Valid Data</arg>
<doc>Executes all the given keywords in a sequence.</doc>
<status status="FAIL" start="2025-01-30T21:42:14.080525" elapsed="0.338970">WebDriverException: Message: An unknown server-side error occurred while processing the command. Original error: Unable to find an active device or emulator with OS 14. The following are available: emulator-5554 (12)
Stacktrace:
UnknownError: An unknown server-side error occurred while processing the command. Original error: Unable to find an active device or emulator with OS 14. The following are available: emulator-5554 (12)
    at getResponseForW3CError (C:\Users\Reza Paramarta\AppData\Local\Programs\Appium Server GUI\resources\app\node_modules\appium\node_modules\appium-base-driver\lib\protocol\errors.js:804:9)
    at asyncHandler (C:\Users\Reza Paramarta\AppData\Local\Programs\Appium Server GUI\resources\app\node_modules\appium\node_modules\appium-base-driver\lib\protocol\protocol.js:380:37)</status>
</kw>
<kw name="Close Flight Application" owner="base" type="TEARDOWN">
<kw name="Close Application" owner="AppiumLibrary">
<kw name="Capture Page Screenshot" owner="AppiumLibrary">
<msg time="2025-01-30T21:42:14.420633" level="FAIL">No application is open</msg>
<doc>Takes a screenshot of the current page and embeds it into the log.</doc>
<status status="FAIL" start="2025-01-30T21:42:14.420511" elapsed="0.001266">No application is open</status>
</kw>
<msg time="2025-01-30T21:42:14.422948" level="WARN">Keyword 'Capture Page Screenshot' could not be run on failure: No application is open</msg>
<msg time="2025-01-30T21:42:14.423784" level="FAIL">No application is open</msg>
<doc>Closes the current application and also close webdriver session.</doc>
<status status="FAIL" start="2025-01-30T21:42:14.420368" elapsed="0.004834">No application is open</status>
</kw>
<status status="FAIL" start="2025-01-30T21:42:14.420083" elapsed="0.005502">No application is open</status>
</kw>
<status status="FAIL" start="2025-01-30T21:42:14.079783" elapsed="0.346249">Setup failed:
WebDriverException: Message: An unknown server-side error occurred while processing the command. Original error: Unable to find an active device or emulator with OS 14. The following are available: emulator-5554 (12)
Stacktrace:
UnknownError: An unknown server-side error occurred while processing the command. Original error: Unable to find an active device or emulator with OS 14. The following are available: emulator-5554 (12)
    at getResponseForW3CError (C:\Users\Reza Paramarta\AppData\Local\Programs\Appium Server GUI\resources\app\node_modules\appium\node_modules\appium-base-driver\lib\protocol\errors.js:804:9)
    at asyncHandler (C:\Users\Reza Paramarta\AppData\Local\Programs\Appium Server GUI\resources\app\node_modules\appium\node_modules\appium-base-driver\lib\protocol\protocol.js:380:37)

Also teardown failed:
No application is open</status>
</test>
<status status="FAIL" start="2025-01-30T21:42:13.883386" elapsed="0.544341"/>
</suite>
<suite id="s1-s2" name="Login" source="C:\SanberCode\Sanber63-Robot-Framework-Kelompok-4\Suites\login.robot">
<test id="s1-s2-t1" name="User should be able to login with valid data" line="16">
<kw name="Run Keywords" owner="BuiltIn" type="SETUP">
<kw name="Open Flight Application" owner="base">
<kw name="Open Application" owner="AppiumLibrary">
<kw name="Capture Page Screenshot" owner="AppiumLibrary">
<msg time="2025-01-30T21:42:14.627889" level="FAIL">No application is open</msg>
<doc>Takes a screenshot of the current page and embeds it into the log.</doc>
<status status="FAIL" start="2025-01-30T21:42:14.627676" elapsed="0.001885">No application is open</status>
</kw>
<msg time="2025-01-30T21:42:14.630574" level="WARN">Keyword 'Capture Page Screenshot' could not be run on failure: No application is open</msg>
<msg time="2025-01-30T21:42:14.631361" level="FAIL">WebDriverException: Message: An unknown server-side error occurred while processing the command. Original error: Unable to find an active device or emulator with OS 14. The following are available: emulator-5554 (12)
Stacktrace:
UnknownError: An unknown server-side error occurred while processing the command. Original error: Unable to find an active device or emulator with OS 14. The following are available: emulator-5554 (12)
    at getResponseForW3CError (C:\Users\Reza Paramarta\AppData\Local\Programs\Appium Server GUI\resources\app\node_modules\appium\node_modules\appium-base-driver\lib\protocol\errors.js:804:9)
    at asyncHandler (C:\Users\Reza Paramarta\AppData\Local\Programs\Appium Server GUI\resources\app\node_modules\appium\node_modules\appium-base-driver\lib\protocol\protocol.js:380:37)</msg>
<arg>remote_url=${REMOTE_URL}</arg>
<arg>platformName=${PLATFORM_NAME}</arg>
<arg>platformVersion=${PLATFORM_VERSION}</arg>
<arg>deviceName=${DEVICE_NAME}</arg>
<arg>appPackage=${APP_PAVKAGE}</arg>
<arg>appActivity=${APP_ACTIVITY}</arg>
<doc>Opens a new application to given Appium server.
Capabilities of appium server, Android and iOS,
Please check https://appium.io/docs/en/2.1/cli/args/
| *Option*            | *Man.* | *Description*     |
| remote_url          | Yes    | Appium server url |
| alias               | no     | alias             |
| strict_ssl          | No     | allows you to send commands to an invalid certificate host like a self-signed one. |</doc>
<status status="FAIL" start="2025-01-30T21:42:14.435671" elapsed="0.196831">WebDriverException: Message: An unknown server-side error occurred while processing the command. Original error: Unable to find an active device or emulator with OS 14. The following are available: emulator-5554 (12)
Stacktrace:
UnknownError: An unknown server-side error occurred while processing the command. Original error: Unable to find an active device or emulator with OS 14. The following are available: emulator-5554 (12)
    at getResponseForW3CError (C:\Users\Reza Paramarta\AppData\Local\Programs\Appium Server GUI\resources\app\node_modules\appium\node_modules\appium-base-driver\lib\protocol\errors.js:804:9)
    at asyncHandler (C:\Users\Reza Paramarta\AppData\Local\Programs\Appium Server GUI\resources\app\node_modules\appium\node_modules\appium-base-driver\lib\protocol\protocol.js:380:37)</status>
</kw>
<status status="FAIL" start="2025-01-30T21:42:14.435541" elapsed="0.197081">WebDriverException: Message: An unknown server-side error occurred while processing the command. Original error: Unable to find an active device or emulator with OS 14. The following are available: emulator-5554 (12)
Stacktrace:
UnknownError: An unknown server-side error occurred while processing the command. Original error: Unable to find an active device or emulator with OS 14. The following are available: emulator-5554 (12)
    at getResponseForW3CError (C:\Users\Reza Paramarta\AppData\Local\Programs\Appium Server GUI\resources\app\node_modules\appium\node_modules\appium-base-driver\lib\protocol\errors.js:804:9)
    at asyncHandler (C:\Users\Reza Paramarta\AppData\Local\Programs\Appium Server GUI\resources\app\node_modules\appium\node_modules\appium-base-driver\lib\protocol\protocol.js:380:37)</status>
</kw>
<arg>Open Flight Application</arg>
<arg>AND</arg>
<arg>Login With Valid Data</arg>
<doc>Executes all the given keywords in a sequence.</doc>
<status status="FAIL" start="2025-01-30T21:42:14.435377" elapsed="0.197330">WebDriverException: Message: An unknown server-side error occurred while processing the command. Original error: Unable to find an active device or emulator with OS 14. The following are available: emulator-5554 (12)
Stacktrace:
UnknownError: An unknown server-side error occurred while processing the command. Original error: Unable to find an active device or emulator with OS 14. The following are available: emulator-5554 (12)
    at getResponseForW3CError (C:\Users\Reza Paramarta\AppData\Local\Programs\Appium Server GUI\resources\app\node_modules\appium\node_modules\appium-base-driver\lib\protocol\errors.js:804:9)
    at asyncHandler (C:\Users\Reza Paramarta\AppData\Local\Programs\Appium Server GUI\resources\app\node_modules\appium\node_modules\appium-base-driver\lib\protocol\protocol.js:380:37)</status>
</kw>
<kw name="Close Flight Application" owner="base" type="TEARDOWN">
<kw name="Close Application" owner="AppiumLibrary">
<kw name="Capture Page Screenshot" owner="AppiumLibrary">
<msg time="2025-01-30T21:42:14.633636" level="FAIL">No application is open</msg>
<doc>Takes a screenshot of the current page and embeds it into the log.</doc>
<status status="FAIL" start="2025-01-30T21:42:14.633513" elapsed="0.001016">No application is open</status>
</kw>
<msg time="2025-01-30T21:42:14.635340" level="WARN">Keyword 'Capture Page Screenshot' could not be run on failure: No application is open</msg>
<msg time="2025-01-30T21:42:14.635947" level="FAIL">No application is open</msg>
<doc>Closes the current application and also close webdriver session.</doc>
<status status="FAIL" start="2025-01-30T21:42:14.633408" elapsed="0.003046">No application is open</status>
</kw>
<status status="FAIL" start="2025-01-30T21:42:14.633181" elapsed="0.003360">No application is open</status>
</kw>
<status status="FAIL" start="2025-01-30T21:42:14.434691" elapsed="0.202112">Setup failed:
WebDriverException: Message: An unknown server-side error occurred while processing the command. Original error: Unable to find an active device or emulator with OS 14. The following are available: emulator-5554 (12)
Stacktrace:
UnknownError: An unknown server-side error occurred while processing the command. Original error: Unable to find an active device or emulator with OS 14. The following are available: emulator-5554 (12)
    at getResponseForW3CError (C:\Users\Reza Paramarta\AppData\Local\Programs\Appium Server GUI\resources\app\node_modules\appium\node_modules\appium-base-driver\lib\protocol\errors.js:804:9)
    at asyncHandler (C:\Users\Reza Paramarta\AppData\Local\Programs\Appium Server GUI\resources\app\node_modules\appium\node_modules\appium-base-driver\lib\protocol\protocol.js:380:37)

Also teardown failed:
No application is open</status>
</test>
<status status="FAIL" start="2025-01-30T21:42:14.428862" elapsed="0.209797"/>
</suite>
<suite id="s1-s3" name="roundTrip" source="C:\SanberCode\Sanber63-Robot-Framework-Kelompok-4\Suites\roundTrip.robot">
<test id="s1-s3-t1" name="User should be able book a flight" line="17">
<kw name="Run Keywords" owner="BuiltIn" type="SETUP">
<kw name="Open Flight Application" owner="base">
<kw name="Open Application" owner="AppiumLibrary">
<kw name="Capture Page Screenshot" owner="AppiumLibrary">
<msg time="2025-01-30T21:42:14.864399" level="FAIL">No application is open</msg>
<doc>Takes a screenshot of the current page and embeds it into the log.</doc>
<status status="FAIL" start="2025-01-30T21:42:14.864131" elapsed="0.002422">No application is open</status>
</kw>
<msg time="2025-01-30T21:42:14.867684" level="WARN">Keyword 'Capture Page Screenshot' could not be run on failure: No application is open</msg>
<msg time="2025-01-30T21:42:14.868508" level="FAIL">WebDriverException: Message: An unknown server-side error occurred while processing the command. Original error: Unable to find an active device or emulator with OS 14. The following are available: emulator-5554 (12)
Stacktrace:
UnknownError: An unknown server-side error occurred while processing the command. Original error: Unable to find an active device or emulator with OS 14. The following are available: emulator-5554 (12)
    at getResponseForW3CError (C:\Users\Reza Paramarta\AppData\Local\Programs\Appium Server GUI\resources\app\node_modules\appium\node_modules\appium-base-driver\lib\protocol\errors.js:804:9)
    at asyncHandler (C:\Users\Reza Paramarta\AppData\Local\Programs\Appium Server GUI\resources\app\node_modules\appium\node_modules\appium-base-driver\lib\protocol\protocol.js:380:37)</msg>
<arg>remote_url=${REMOTE_URL}</arg>
<arg>platformName=${PLATFORM_NAME}</arg>
<arg>platformVersion=${PLATFORM_VERSION}</arg>
<arg>deviceName=${DEVICE_NAME}</arg>
<arg>appPackage=${APP_PAVKAGE}</arg>
<arg>appActivity=${APP_ACTIVITY}</arg>
<doc>Opens a new application to given Appium server.
Capabilities of appium server, Android and iOS,
Please check https://appium.io/docs/en/2.1/cli/args/
| *Option*            | *Man.* | *Description*     |
| remote_url          | Yes    | Appium server url |
| alias               | no     | alias             |
| strict_ssl          | No     | allows you to send commands to an invalid certificate host like a self-signed one. |</doc>
<status status="FAIL" start="2025-01-30T21:42:14.654189" elapsed="0.215455">WebDriverException: Message: An unknown server-side error occurred while processing the command. Original error: Unable to find an active device or emulator with OS 14. The following are available: emulator-5554 (12)
Stacktrace:
UnknownError: An unknown server-side error occurred while processing the command. Original error: Unable to find an active device or emulator with OS 14. The following are available: emulator-5554 (12)
    at getResponseForW3CError (C:\Users\Reza Paramarta\AppData\Local\Programs\Appium Server GUI\resources\app\node_modules\appium\node_modules\appium-base-driver\lib\protocol\errors.js:804:9)
    at asyncHandler (C:\Users\Reza Paramarta\AppData\Local\Programs\Appium Server GUI\resources\app\node_modules\appium\node_modules\appium-base-driver\lib\protocol\protocol.js:380:37)</status>
</kw>
<status status="FAIL" start="2025-01-30T21:42:14.653960" elapsed="0.215810">WebDriverException: Message: An unknown server-side error occurred while processing the command. Original error: Unable to find an active device or emulator with OS 14. The following are available: emulator-5554 (12)
Stacktrace:
UnknownError: An unknown server-side error occurred while processing the command. Original error: Unable to find an active device or emulator with OS 14. The following are available: emulator-5554 (12)
    at getResponseForW3CError (C:\Users\Reza Paramarta\AppData\Local\Programs\Appium Server GUI\resources\app\node_modules\appium\node_modules\appium-base-driver\lib\protocol\errors.js:804:9)
    at asyncHandler (C:\Users\Reza Paramarta\AppData\Local\Programs\Appium Server GUI\resources\app\node_modules\appium\node_modules\appium-base-driver\lib\protocol\protocol.js:380:37)</status>
</kw>
<arg>Open Flight Application</arg>
<arg>AND</arg>
<arg>Login With Valid Data</arg>
<doc>Executes all the given keywords in a sequence.</doc>
<status status="FAIL" start="2025-01-30T21:42:14.653727" elapsed="0.216091">WebDriverException: Message: An unknown server-side error occurred while processing the command. Original error: Unable to find an active device or emulator with OS 14. The following are available: emulator-5554 (12)
Stacktrace:
UnknownError: An unknown server-side error occurred while processing the command. Original error: Unable to find an active device or emulator with OS 14. The following are available: emulator-5554 (12)
    at getResponseForW3CError (C:\Users\Reza Paramarta\AppData\Local\Programs\Appium Server GUI\resources\app\node_modules\appium\node_modules\appium-base-driver\lib\protocol\errors.js:804:9)
    at asyncHandler (C:\Users\Reza Paramarta\AppData\Local\Programs\Appium Server GUI\resources\app\node_modules\appium\node_modules\appium-base-driver\lib\protocol\protocol.js:380:37)</status>
</kw>
<kw name="Close Flight Application" owner="base" type="TEARDOWN">
<kw name="Close Application" owner="AppiumLibrary">
<kw name="Capture Page Screenshot" owner="AppiumLibrary">
<msg time="2025-01-30T21:42:14.870651" level="FAIL">No application is open</msg>
<doc>Takes a screenshot of the current page and embeds it into the log.</doc>
<status status="FAIL" start="2025-01-30T21:42:14.870531" elapsed="0.001491">No application is open</status>
</kw>
<msg time="2025-01-30T21:42:14.873018" level="WARN">Keyword 'Capture Page Screenshot' could not be run on failure: No application is open</msg>
<msg time="2025-01-30T21:42:14.873913" level="FAIL">No application is open</msg>
<doc>Closes the current application and also close webdriver session.</doc>
<status status="FAIL" start="2025-01-30T21:42:14.870418" elapsed="0.004889">No application is open</status>
</kw>
<status status="FAIL" start="2025-01-30T21:42:14.870212" elapsed="0.005393">No application is open</status>
</kw>
<status status="FAIL" start="2025-01-30T21:42:14.652695" elapsed="0.223391">Setup failed:
WebDriverException: Message: An unknown server-side error occurred while processing the command. Original error: Unable to find an active device or emulator with OS 14. The following are available: emulator-5554 (12)
Stacktrace:
UnknownError: An unknown server-side error occurred while processing the command. Original error: Unable to find an active device or emulator with OS 14. The following are available: emulator-5554 (12)
    at getResponseForW3CError (C:\Users\Reza Paramarta\AppData\Local\Programs\Appium Server GUI\resources\app\node_modules\appium\node_modules\appium-base-driver\lib\protocol\errors.js:804:9)
    at asyncHandler (C:\Users\Reza Paramarta\AppData\Local\Programs\Appium Server GUI\resources\app\node_modules\appium\node_modules\appium-base-driver\lib\protocol\protocol.js:380:37)

Also teardown failed:
No application is open</status>
</test>
<status status="FAIL" start="2025-01-30T21:42:14.640741" elapsed="0.237678"/>
</suite>
<suite id="s1-s4" name="Search" source="C:\SanberCode\Sanber63-Robot-Framework-Kelompok-4\Suites\search.robot">
<test id="s1-s4-t1" name="User should be able to Search Flight Data" line="17">
<kw name="Run Keywords" owner="BuiltIn" type="SETUP">
<kw name="Open Flight Application" owner="base">
<kw name="Open Application" owner="AppiumLibrary">
<kw name="Capture Page Screenshot" owner="AppiumLibrary">
<msg time="2025-01-30T21:42:15.151898" level="FAIL">No application is open</msg>
<doc>Takes a screenshot of the current page and embeds it into the log.</doc>
<status status="FAIL" start="2025-01-30T21:42:15.151650" elapsed="0.001900">No application is open</status>
</kw>
<msg time="2025-01-30T21:42:15.154602" level="WARN">Keyword 'Capture Page Screenshot' could not be run on failure: No application is open</msg>
<msg time="2025-01-30T21:42:15.155406" level="FAIL">WebDriverException: Message: An unknown server-side error occurred while processing the command. Original error: Unable to find an active device or emulator with OS 14. The following are available: emulator-5554 (12)
Stacktrace:
UnknownError: An unknown server-side error occurred while processing the command. Original error: Unable to find an active device or emulator with OS 14. The following are available: emulator-5554 (12)
    at getResponseForW3CError (C:\Users\Reza Paramarta\AppData\Local\Programs\Appium Server GUI\resources\app\node_modules\appium\node_modules\appium-base-driver\lib\protocol\errors.js:804:9)
    at asyncHandler (C:\Users\Reza Paramarta\AppData\Local\Programs\Appium Server GUI\resources\app\node_modules\appium\node_modules\appium-base-driver\lib\protocol\protocol.js:380:37)</msg>
<arg>remote_url=${REMOTE_URL}</arg>
<arg>platformName=${PLATFORM_NAME}</arg>
<arg>platformVersion=${PLATFORM_VERSION}</arg>
<arg>deviceName=${DEVICE_NAME}</arg>
<arg>appPackage=${APP_PAVKAGE}</arg>
<arg>appActivity=${APP_ACTIVITY}</arg>
<doc>Opens a new application to given Appium server.
Capabilities of appium server, Android and iOS,
Please check https://appium.io/docs/en/2.1/cli/args/
| *Option*            | *Man.* | *Description*     |
| remote_url          | Yes    | Appium server url |
| alias               | no     | alias             |
| strict_ssl          | No     | allows you to send commands to an invalid certificate host like a self-signed one. |</doc>
<status status="FAIL" start="2025-01-30T21:42:14.913639" elapsed="0.243009">WebDriverException: Message: An unknown server-side error occurred while processing the command. Original error: Unable to find an active device or emulator with OS 14. The following are available: emulator-5554 (12)
Stacktrace:
UnknownError: An unknown server-side error occurred while processing the command. Original error: Unable to find an active device or emulator with OS 14. The following are available: emulator-5554 (12)
    at getResponseForW3CError (C:\Users\Reza Paramarta\AppData\Local\Programs\Appium Server GUI\resources\app\node_modules\appium\node_modules\appium-base-driver\lib\protocol\errors.js:804:9)
    at asyncHandler (C:\Users\Reza Paramarta\AppData\Local\Programs\Appium Server GUI\resources\app\node_modules\appium\node_modules\appium-base-driver\lib\protocol\protocol.js:380:37)</status>
</kw>
<status status="FAIL" start="2025-01-30T21:42:14.913270" elapsed="0.243615">WebDriverException: Message: An unknown server-side error occurred while processing the command. Original error: Unable to find an active device or emulator with OS 14. The following are available: emulator-5554 (12)
Stacktrace:
UnknownError: An unknown server-side error occurred while processing the command. Original error: Unable to find an active device or emulator with OS 14. The following are available: emulator-5554 (12)
    at getResponseForW3CError (C:\Users\Reza Paramarta\AppData\Local\Programs\Appium Server GUI\resources\app\node_modules\appium\node_modules\appium-base-driver\lib\protocol\errors.js:804:9)
    at asyncHandler (C:\Users\Reza Paramarta\AppData\Local\Programs\Appium Server GUI\resources\app\node_modules\appium\node_modules\appium-base-driver\lib\protocol\protocol.js:380:37)</status>
</kw>
<arg>Open Flight Application</arg>
<arg>AND</arg>
<arg>Login With Valid Data</arg>
<doc>Executes all the given keywords in a sequence.</doc>
<status status="FAIL" start="2025-01-30T21:42:14.912935" elapsed="0.244040">WebDriverException: Message: An unknown server-side error occurred while processing the command. Original error: Unable to find an active device or emulator with OS 14. The following are available: emulator-5554 (12)
Stacktrace:
UnknownError: An unknown server-side error occurred while processing the command. Original error: Unable to find an active device or emulator with OS 14. The following are available: emulator-5554 (12)
    at getResponseForW3CError (C:\Users\Reza Paramarta\AppData\Local\Programs\Appium Server GUI\resources\app\node_modules\appium\node_modules\appium-base-driver\lib\protocol\errors.js:804:9)
    at asyncHandler (C:\Users\Reza Paramarta\AppData\Local\Programs\Appium Server GUI\resources\app\node_modules\appium\node_modules\appium-base-driver\lib\protocol\protocol.js:380:37)</status>
</kw>
<kw name="Close Flight Application" owner="base" type="TEARDOWN">
<kw name="Close Application" owner="AppiumLibrary">
<kw name="Capture Page Screenshot" owner="AppiumLibrary">
<msg time="2025-01-30T21:42:15.158168" level="FAIL">No application is open</msg>
<doc>Takes a screenshot of the current page and embeds it into the log.</doc>
<status status="FAIL" start="2025-01-30T21:42:15.158013" elapsed="0.001709">No application is open</status>
</kw>
<msg time="2025-01-30T21:42:15.161043" level="WARN">Keyword 'Capture Page Screenshot' could not be run on failure: No application is open</msg>
<msg time="2025-01-30T21:42:15.162103" level="FAIL">No application is open</msg>
<doc>Closes the current application and also close webdriver session.</doc>
<status status="FAIL" start="2025-01-30T21:42:15.157839" elapsed="0.006300">No application is open</status>
</kw>
<status status="FAIL" start="2025-01-30T21:42:15.157511" elapsed="0.006897">No application is open</status>
</kw>
<status status="FAIL" start="2025-01-30T21:42:14.911965" elapsed="0.252873">Setup failed:
WebDriverException: Message: An unknown server-side error occurred while processing the command. Original error: Unable to find an active device or emulator with OS 14. The following are available: emulator-5554 (12)
Stacktrace:
UnknownError: An unknown server-side error occurred while processing the command. Original error: Unable to find an active device or emulator with OS 14. The following are available: emulator-5554 (12)
    at getResponseForW3CError (C:\Users\Reza Paramarta\AppData\Local\Programs\Appium Server GUI\resources\app\node_modules\appium\node_modules\appium-base-driver\lib\protocol\errors.js:804:9)
    at asyncHandler (C:\Users\Reza Paramarta\AppData\Local\Programs\Appium Server GUI\resources\app\node_modules\appium\node_modules\appium-base-driver\lib\protocol\protocol.js:380:37)

Also teardown failed:
No application is open</status>
</test>
<status status="FAIL" start="2025-01-30T21:42:14.880217" elapsed="0.286927"/>
</suite>
<status status="FAIL" start="2025-01-30T21:42:13.856629" elapsed="1.311986"/>
</suite>
<statistics>
<total>
<stat pass="0" fail="4" skip="0">All Tests</stat>
</total>
<tag>
</tag>
<suite>
<stat name="Suites" id="s1" pass="0" fail="4" skip="0">Suites</stat>
<stat name="Booking" id="s1-s1" pass="0" fail="1" skip="0">Suites.Booking</stat>
<stat name="Login" id="s1-s2" pass="0" fail="1" skip="0">Suites.Login</stat>
<stat name="roundTrip" id="s1-s3" pass="0" fail="1" skip="0">Suites.roundTrip</stat>
<stat name="Search" id="s1-s4" pass="0" fail="1" skip="0">Suites.Search</stat>
</suite>
</statistics>
<errors>
<msg time="2025-01-30T21:42:14.416474" level="WARN">Keyword 'Capture Page Screenshot' could not be run on failure: No application is open</msg>
<msg time="2025-01-30T21:42:14.422948" level="WARN">Keyword 'Capture Page Screenshot' could not be run on failure: No application is open</msg>
<msg time="2025-01-30T21:42:14.630574" level="WARN">Keyword 'Capture Page Screenshot' could not be run on failure: No application is open</msg>
<msg time="2025-01-30T21:42:14.635340" level="WARN">Keyword 'Capture Page Screenshot' could not be run on failure: No application is open</msg>
<msg time="2025-01-30T21:42:14.867684" level="WARN">Keyword 'Capture Page Screenshot' could not be run on failure: No application is open</msg>
<msg time="2025-01-30T21:42:14.873018" level="WARN">Keyword 'Capture Page Screenshot' could not be run on failure: No application is open</msg>
<msg time="2025-01-30T21:42:15.154602" level="WARN">Keyword 'Capture Page Screenshot' could not be run on failure: No application is open</msg>
<msg time="2025-01-30T21:42:15.161043" level="WARN">Keyword 'Capture Page Screenshot' could not be run on failure: No application is open</msg>
</errors>
</robot>
