<?xml version="1.0" encoding="UTF-8"?>
<robot generator="Robot 7.2 (Python 3.13.1 on darwin)" generated="2025-01-28T10:53:03.122601" rpa="false" schemaversion="5">
<suite id="s1" name="Search" source="/Users/bahtiarekapermana/Developer/Sanber63/Sanber63-Robot-Framework/Suites/search.robot">
<test id="s1-t1" name="User should be able to Search Flight Data" line="17">
<kw name="Run Keywords" owner="BuiltIn" type="SETUP">
<kw name="Open Flight Application" owner="base">
<kw name="Open Application" owner="AppiumLibrary">
<arg>remote_url=${REMOTE_URL}</arg>
<arg>platformName=${PLATFORM_NAME}</arg>
<arg>platformVersion=${PLATFORM_VERSION}</arg>
<arg>deviceName=${DEVICE_NAME}</arg>
<arg>appPackage=${APP_PAVKAGE}</arg>
<arg>appActivity=${APP_ACTIVITY}</arg>
<doc>Opens a new application to given Appium server.
Capabilities of appium server, Android and iOS,
Please check https://appium.io/docs/en/2.1/cli/args/
| *Option*            | *Man.* | *Description*     |
| remote_url          | Yes    | Appium server url |
| alias               | no     | alias             |
| strict_ssl          | No     | allows you to send commands to an invalid certificate host like a self-signed one. |</doc>
<status status="PASS" start="2025-01-28T10:53:03.252260" elapsed="10.791716"/>
</kw>
<status status="PASS" start="2025-01-28T10:53:03.252167" elapsed="10.792452"/>
</kw>
<kw name="Login With Valid Data" owner="loginPage">
<kw name="Verify Home Screen Appears" owner="homePage">
<kw name="Wait Until Element Is Visible" owner="AppiumLibrary">
<msg time="2025-01-28T10:53:14.809669" level="INFO">xpath criteria: //android.widget.ImageView[@resource-id="com.example.myapplication:id/imageView4"]</msg>
<arg>locator=${app_icon_image}</arg>
<doc>Waits until element specified with `locator` is visible.</doc>
<status status="PASS" start="2025-01-28T10:53:14.046562" elapsed="0.763267"/>
</kw>
<status status="PASS" start="2025-01-28T10:53:14.045957" elapsed="0.764012"/>
</kw>
<kw name="Click Sign In Button On Home Screen" owner="homePage">
<kw name="Wait Until Element Is Visible" owner="AppiumLibrary">
<msg time="2025-01-28T10:53:14.872039" level="INFO">xpath criteria: //android.widget.Button[@resource-id="com.example.myapplication:id/login"]</msg>
<arg>${signIn_button_homepage}</arg>
<doc>Waits until element specified with `locator` is visible.</doc>
<status status="PASS" start="2025-01-28T10:53:14.810605" elapsed="0.061616"/>
</kw>
<kw name="Click Element" owner="AppiumLibrary">
<msg time="2025-01-28T10:53:14.875668" level="INFO">Clicking element '//android.widget.Button[@resource-id="com.example.myapplication:id/login"]'.</msg>
<msg time="2025-01-28T10:53:14.974855" level="INFO">xpath criteria: //android.widget.Button[@resource-id="com.example.myapplication:id/login"]</msg>
<arg>locator=${signIn_button_homepage}</arg>
<doc>Click element identified by `locator`.</doc>
<status status="PASS" start="2025-01-28T10:53:14.872536" elapsed="0.102416"/>
</kw>
<status status="PASS" start="2025-01-28T10:53:14.810234" elapsed="0.164823"/>
</kw>
<kw name="Verify Login Appears" owner="loginPage">
<kw name="Wait Until Element Is Visible" owner="AppiumLibrary">
<msg time="2025-01-28T10:53:16.491994" level="INFO">xpath criteria: //android.widget.EditText[@resource-id="com.example.myapplication:id/username"]
xpath criteria: //android.widget.EditText[@resource-id="com.example.myapplication:id/username"]</msg>
<arg>${username_login_input}</arg>
<doc>Waits until element specified with `locator` is visible.</doc>
<status status="PASS" start="2025-01-28T10:53:14.975650" elapsed="1.516707"/>
</kw>
<kw name="Wait Until Element Is Visible" owner="AppiumLibrary">
<msg time="2025-01-28T10:53:16.540755" level="INFO">xpath criteria: //android.widget.EditText[@resource-id="com.example.myapplication:id/password"]</msg>
<arg>${password_login_input}</arg>
<doc>Waits until element specified with `locator` is visible.</doc>
<status status="PASS" start="2025-01-28T10:53:16.493008" elapsed="0.047886"/>
</kw>
<kw name="Wait Until Element Is Visible" owner="AppiumLibrary">
<msg time="2025-01-28T10:53:16.588119" level="INFO">xpath criteria: //android.widget.Button[@resource-id="com.example.myapplication:id/signIn"]</msg>
<arg>${signIn_button_loginPage}</arg>
<doc>Waits until element specified with `locator` is visible.</doc>
<status status="PASS" start="2025-01-28T10:53:16.541136" elapsed="0.047145"/>
</kw>
<status status="PASS" start="2025-01-28T10:53:14.975332" elapsed="1.613257"/>
</kw>
<kw name="Input Username" owner="loginPage">
<kw name="Input Text" owner="AppiumLibrary">
<msg time="2025-01-28T10:53:16.592054" level="INFO">Typing text 'support@ngendigital.com' into text field '//android.widget.EditText[@resource-id="com.example.myapplication:id/username"]'</msg>
<msg time="2025-01-28T10:53:16.658845" level="INFO">xpath criteria: //android.widget.EditText[@resource-id="com.example.myapplication:id/username"]</msg>
<arg>${username_login_input}</arg>
<arg>${username}</arg>
<doc>Types the given `text` into text field identified by `locator`.</doc>
<status status="PASS" start="2025-01-28T10:53:16.589971" elapsed="0.069036"/>
</kw>
<arg>${username}</arg>
<status status="PASS" start="2025-01-28T10:53:16.589254" elapsed="0.069929"/>
</kw>
<kw name="Input Password" owner="loginPage">
<kw name="Input Text" owner="AppiumLibrary">
<msg time="2025-01-28T10:53:16.662047" level="INFO">Typing text 'abc123' into text field '//android.widget.EditText[@resource-id="com.example.myapplication:id/password"]'</msg>
<msg time="2025-01-28T10:53:17.182308" level="INFO">xpath criteria: //android.widget.EditText[@resource-id="com.example.myapplication:id/password"]</msg>
<arg>${password_login_input}</arg>
<arg>${password}</arg>
<doc>Types the given `text` into text field identified by `locator`.</doc>
<status status="PASS" start="2025-01-28T10:53:16.660147" elapsed="0.522353"/>
</kw>
<arg>${password}</arg>
<status status="PASS" start="2025-01-28T10:53:16.659513" elapsed="0.523142"/>
</kw>
<kw name="Click Sign In Button On login Screen" owner="loginPage">
<kw name="Click Element" owner="AppiumLibrary">
<msg time="2025-01-28T10:53:17.185875" level="INFO">Clicking element '//android.widget.Button[@resource-id="com.example.myapplication:id/signIn"]'.</msg>
<msg time="2025-01-28T10:53:17.809081" level="INFO">xpath criteria: //android.widget.Button[@resource-id="com.example.myapplication:id/signIn"]</msg>
<arg>${signIn_button_loginPage}</arg>
<doc>Click element identified by `locator`.</doc>
<status status="PASS" start="2025-01-28T10:53:17.183748" elapsed="0.625448"/>
</kw>
<status status="PASS" start="2025-01-28T10:53:17.183017" elapsed="0.626290"/>
</kw>
<status status="PASS" start="2025-01-28T10:53:14.045241" elapsed="3.764125"/>
</kw>
<arg>Open Flight Application</arg>
<arg>AND</arg>
<arg>Login With Valid Data</arg>
<doc>Executes all the given keywords in a sequence.</doc>
<status status="PASS" start="2025-01-28T10:53:03.252044" elapsed="14.557431"/>
</kw>
<kw name="Verify Home Screen Appears" owner="homePage">
<kw name="Wait Until Element Is Visible" owner="AppiumLibrary">
<msg time="2025-01-28T10:53:19.096512" level="INFO">xpath criteria: //android.widget.ImageView[@resource-id="com.example.myapplication:id/imageView4"]</msg>
<arg>locator=${app_icon_image}</arg>
<doc>Waits until element specified with `locator` is visible.</doc>
<status status="PASS" start="2025-01-28T10:53:17.810554" elapsed="1.286262"/>
</kw>
<status status="PASS" start="2025-01-28T10:53:17.809891" elapsed="1.287205"/>
</kw>
<kw name="Verify User is Logged In" owner="homePage">
<kw name="Wait Until Element Is Visible" owner="AppiumLibrary">
<msg time="2025-01-28T10:53:19.150184" level="INFO">xpath criteria: //android.widget.TextView[@resource-id="com.example.myapplication:id/textView"]</msg>
<arg>${userName_text_homepage}</arg>
<doc>Waits until element specified with `locator` is visible.</doc>
<status status="PASS" start="2025-01-28T10:53:19.098355" elapsed="0.051940"/>
</kw>
<status status="PASS" start="2025-01-28T10:53:19.097863" elapsed="0.052535"/>
</kw>
<kw name="Click Seach Menu" owner="searchPage">
<kw name="Click Element" owner="AppiumLibrary">
<msg time="2025-01-28T10:53:19.152652" level="INFO">Clicking element '//android.widget.Button[@resource-id="com.example.myapplication:id/search_flight"]'.</msg>
<msg time="2025-01-28T10:53:19.239475" level="INFO">xpath criteria: //android.widget.Button[@resource-id="com.example.myapplication:id/search_flight"]</msg>
<arg>${search_menu}</arg>
<doc>Click element identified by `locator`.</doc>
<status status="PASS" start="2025-01-28T10:53:19.151005" elapsed="0.088643"/>
</kw>
<status status="PASS" start="2025-01-28T10:53:19.150665" elapsed="0.089153"/>
</kw>
<kw name="Verify Search Page" owner="searchPage">
<kw name="Wait Until Element Is Visible" owner="AppiumLibrary">
<msg time="2025-01-28T10:53:20.539330" level="INFO">xpath criteria: //android.widget.TextView[@resource-id="com.example.myapplication:id/enterFlight"]
xpath criteria: //android.widget.TextView[@resource-id="com.example.myapplication:id/enterFlight"]</msg>
<arg>${validate_page}</arg>
<doc>Waits until element specified with `locator` is visible.</doc>
<status status="PASS" start="2025-01-28T10:53:19.240851" elapsed="1.298584"/>
</kw>
<status status="PASS" start="2025-01-28T10:53:19.240285" elapsed="1.299240"/>
</kw>
<kw name="Seach Flight" owner="searchPage">
<kw name="Input Text" owner="AppiumLibrary">
<msg time="2025-01-28T10:53:20.541674" level="INFO">Typing text 'DA935' into text field '//android.widget.EditText[@resource-id="com.example.myapplication:id/flight_number"]'</msg>
<msg time="2025-01-28T10:53:20.628313" level="INFO">xpath criteria: //android.widget.EditText[@resource-id="com.example.myapplication:id/flight_number"]</msg>
<arg>${form_input}</arg>
<arg>${flight_number}</arg>
<doc>Types the given `text` into text field identified by `locator`.</doc>
<status status="PASS" start="2025-01-28T10:53:20.540161" elapsed="0.088506"/>
</kw>
<arg>flight_number=DA935</arg>
<status status="PASS" start="2025-01-28T10:53:20.539778" elapsed="0.089206"/>
</kw>
<kw name="Click Button Seach" owner="searchPage">
<kw name="Click Element" owner="AppiumLibrary">
<msg time="2025-01-28T10:53:20.631418" level="INFO">Clicking element '//android.widget.Button[@resource-id="com.example.myapplication:id/searchFlight"]'.</msg>
<msg time="2025-01-28T10:53:21.238613" level="INFO">xpath criteria: //android.widget.Button[@resource-id="com.example.myapplication:id/searchFlight"]</msg>
<arg>${search_btn}</arg>
<doc>Click element identified by `locator`.</doc>
<status status="PASS" start="2025-01-28T10:53:20.629723" elapsed="0.608985"/>
</kw>
<status status="PASS" start="2025-01-28T10:53:20.629356" elapsed="0.609439"/>
</kw>
<kw name="Close Flight Application" owner="base" type="TEARDOWN">
<kw name="Close Application" owner="AppiumLibrary">
<doc>Closes the current application and also close webdriver session.</doc>
<status status="PASS" start="2025-01-28T10:53:21.240152" elapsed="0.634723"/>
</kw>
<status status="PASS" start="2025-01-28T10:53:21.239505" elapsed="0.636181"/>
</kw>
<status status="PASS" start="2025-01-28T10:53:03.251621" elapsed="18.624372"/>
</test>
<status status="PASS" start="2025-01-28T10:53:03.123091" elapsed="18.754557"/>
</suite>
<statistics>
<total>
<stat pass="1" fail="0" skip="0">All Tests</stat>
</total>
<tag>
</tag>
<suite>
<stat name="Search" id="s1" pass="1" fail="0" skip="0">Search</stat>
</suite>
</statistics>
<errors>
</errors>
</robot>
