<?xml version="1.0" encoding="UTF-8"?>
<robot generator="Robot 7.2 (Python 3.13.1 on win32)" generated="2025-01-28T16:44:41.326198" rpa="false" schemaversion="5">
<suite id="s1" name="Sanber63-Robot-Framework-Kelompok-4" source="C:\Users\kevin\Downloads\Sanbercode63\New folder\Sanber63-Robot-Framework-Kelompok-4">
<suite id="s1-s1" name="Suites" source="C:\Users\kevin\Downloads\Sanbercode63\New folder\Sanber63-Robot-Framework-Kelompok-4\Suites">
<suite id="s1-s1-s1" name="SignOut" source="C:\Users\kevin\Downloads\Sanbercode63\New folder\Sanber63-Robot-Framework-Kelompok-4\Suites\SignOut.Robot">
<test id="s1-s1-s1-t1" name="Test Open and Sign Out From Flight Application" line="23">
<kw name="Open Flight Application">
<kw name="Open Application" owner="AppiumLibrary">
<arg>remote_url=${remote_url}</arg>
<arg>platformName=${platform_name}</arg>
<arg>platformVersion=${platform_version}</arg>
<arg>deviceName=${device_name}</arg>
<arg>appPackage=${app_package}</arg>
<arg>appActivity=${app_activity}</arg>
<doc>Opens a new application to given Appium server.
Capabilities of appium server, Android and iOS,
Please check https://appium.io/docs/en/2.1/cli/args/
| *Option*            | *Man.* | *Description*     |
| remote_url          | Yes    | Appium server url |
| alias               | no     | alias             |
| strict_ssl          | No     | allows you to send commands to an invalid certificate host like a self-signed one. |</doc>
<status status="PASS" start="2025-01-28T16:44:41.923133" elapsed="21.816008"/>
</kw>
<arg>${REMOTE_URL}</arg>
<arg>${PLATFORM_NAME}</arg>
<arg>${PLATFORM_VERSION}</arg>
<arg>${DEVICE_NAME}</arg>
<arg>${APP_PAVKAGE}</arg>
<arg>${APP_ACTIVITY}</arg>
<status status="PASS" start="2025-01-28T16:44:41.919939" elapsed="21.819941"/>
</kw>
<kw name="Sign Out From Application">
<kw name="Click Element" owner="AppiumLibrary">
<msg time="2025-01-28T16:45:03.748657" level="INFO">Clicking element '//android.widget.Button[@resource-id="com.example.myapplication:id/login"]'.</msg>
<msg time="2025-01-28T16:45:05.807936" level="INFO">xpath criteria: //android.widget.Button[@resource-id="com.example.myapplication:id/login"]</msg>
<arg>${sign_out_button}</arg>
<doc>Click element identified by `locator`.</doc>
<status status="PASS" start="2025-01-28T16:45:03.744710" elapsed="2.063855"/>
</kw>
<status status="PASS" start="2025-01-28T16:45:03.743457" elapsed="2.065436"/>
</kw>
<kw name="Close Flight Application">
<kw name="Close Application" owner="AppiumLibrary">
<doc>Closes the current application and also close webdriver session.</doc>
<status status="PASS" start="2025-01-28T16:45:05.810656" elapsed="1.495421"/>
</kw>
<status status="PASS" start="2025-01-28T16:45:05.809529" elapsed="1.496982"/>
</kw>
<status status="PASS" start="2025-01-28T16:44:41.917061" elapsed="25.390097"/>
</test>
<status status="PASS" start="2025-01-28T16:44:41.403457" elapsed="25.906381"/>
</suite>
<status status="PASS" start="2025-01-28T16:44:41.396328" elapsed="25.916825"/>
</suite>
<status status="PASS" start="2025-01-28T16:44:41.344447" elapsed="25.973033"/>
</suite>
<statistics>
<total>
<stat pass="1" fail="0" skip="0">All Tests</stat>
</total>
<tag>
</tag>
<suite>
<stat name="Sanber63-Robot-Framework-Kelompok-4" id="s1" pass="1" fail="0" skip="0">Sanber63-Robot-Framework-Kelompok-4</stat>
<stat name="Suites" id="s1-s1" pass="1" fail="0" skip="0">Sanber63-Robot-Framework-Kelompok-4.Suites</stat>
<stat name="SignOut" id="s1-s1-s1" pass="1" fail="0" skip="0">Sanber63-Robot-Framework-Kelompok-4.Suites.SignOut</stat>
</suite>
</statistics>
<errors>
</errors>
</robot>
